[2025-07-29T01:44:20.209+0000] {local_task_job_runner.py:120} INFO - ::group::Pre task execution logs
[2025-07-29T01:44:20.229+0000] {taskinstance.py:2076} INFO - Dependencies all met for dep_context=non-requeueable deps ti=<TaskInstance: hw2_ml_pipeline.preprocess manual__2025-07-29T01:44:18.609983+00:00 [queued]>
[2025-07-29T01:44:20.234+0000] {taskinstance.py:2076} INFO - Dependencies all met for dep_context=requeueable deps ti=<TaskInstance: hw2_ml_pipeline.preprocess manual__2025-07-29T01:44:18.609983+00:00 [queued]>
[2025-07-29T01:44:20.235+0000] {taskinstance.py:2306} INFO - Starting attempt 1 of 1
[2025-07-29T01:44:20.242+0000] {taskinstance.py:2330} INFO - Executing <Task(PythonOperator): preprocess> on 2025-07-29 01:44:18.609983+00:00
[2025-07-29T01:44:20.250+0000] {logging_mixin.py:188} WARNING - /home/***/.local/lib/python3.12/site-packages/***/task/task_runner/standard_task_runner.py:62 DeprecationWarning: This process (pid=244) is multi-threaded, use of fork() may lead to deadlocks in the child.
[2025-07-29T01:44:20.252+0000] {standard_task_runner.py:64} INFO - Started process 261 to run task
[2025-07-29T01:44:20.250+0000] {standard_task_runner.py:90} INFO - Running: ['***', 'tasks', 'run', 'hw2_ml_pipeline', 'preprocess', 'manual__2025-07-29T01:44:18.609983+00:00', '--job-id', '6', '--raw', '--subdir', 'DAGS_FOLDER/ml_pipeline_dag.py', '--cfg-path', '/tmp/tmpvsap_b80']
[2025-07-29T01:44:20.252+0000] {standard_task_runner.py:91} INFO - Job 6: Subtask preprocess
[2025-07-29T01:44:20.266+0000] {logging_mixin.py:188} WARNING - /home/***/.local/lib/python3.12/site-packages/***/settings.py:195 DeprecationWarning: The sql_alchemy_conn option in [core] has been moved to the sql_alchemy_conn option in [database] - the old setting has been used, but please update your config.
[2025-07-29T01:44:20.299+0000] {task_command.py:426} INFO - Running <TaskInstance: hw2_ml_pipeline.preprocess manual__2025-07-29T01:44:18.609983+00:00 [running]> on host b0ea7cdbf0ef
[2025-07-29T01:44:20.357+0000] {taskinstance.py:2648} INFO - Exporting env vars: AIRFLOW_CTX_DAG_OWNER='***' AIRFLOW_CTX_DAG_ID='hw2_ml_pipeline' AIRFLOW_CTX_TASK_ID='preprocess' AIRFLOW_CTX_EXECUTION_DATE='2025-07-29T01:44:18.609983+00:00' AIRFLOW_CTX_TRY_NUMBER='1' AIRFLOW_CTX_DAG_RUN_ID='manual__2025-07-29T01:44:18.609983+00:00'
[2025-07-29T01:44:20.359+0000] {taskinstance.py:430} INFO - ::endgroup::
[2025-07-29T01:44:20.490+0000] {xcom.py:675} ERROR - Object of type Series is not JSON serializable. If you are using pickle instead of JSON for XCom, then you need to enable pickle support for XCom in your *** config or make sure to decorate your object with attr.
[2025-07-29T01:44:20.492+0000] {taskinstance.py:441} INFO - ::group::Post task execution logs
[2025-07-29T01:44:20.492+0000] {taskinstance.py:2905} ERROR - Task failed with exception
Traceback (most recent call last):
  File "/home/airflow/.local/lib/python3.12/site-packages/airflow/utils/json.py", line 91, in default
    return serialize(o)
           ^^^^^^^^^^^^
  File "/home/airflow/.local/lib/python3.12/site-packages/airflow/serialization/serde.py", line 189, in serialize
    raise TypeError(f"cannot serialize object of type {cls}")
TypeError: cannot serialize object of type <class 'pandas.core.series.Series'>

During handling of the above exception, another exception occurred:

Traceback (most recent call last):
  File "/home/airflow/.local/lib/python3.12/site-packages/airflow/models/taskinstance.py", line 465, in _execute_task
    result = _execute_callable(context=context, **execute_callable_kwargs)
             ^^^^^^^^^^^^^^^^^^^^^^^^^^^^^^^^^^^^^^^^^^^^^^^^^^^^^^^^^^^^^
  File "/home/airflow/.local/lib/python3.12/site-packages/airflow/models/taskinstance.py", line 432, in _execute_callable
    return execute_callable(context=context, **execute_callable_kwargs)
           ^^^^^^^^^^^^^^^^^^^^^^^^^^^^^^^^^^^^^^^^^^^^^^^^^^^^^^^^^^^^
  File "/home/airflow/.local/lib/python3.12/site-packages/airflow/models/baseoperator.py", line 401, in wrapper
    return func(self, *args, **kwargs)
           ^^^^^^^^^^^^^^^^^^^^^^^^^^^
  File "/home/airflow/.local/lib/python3.12/site-packages/airflow/operators/python.py", line 235, in execute
    return_value = self.execute_callable()
                   ^^^^^^^^^^^^^^^^^^^^^^^
  File "/home/airflow/.local/lib/python3.12/site-packages/airflow/operators/python.py", line 252, in execute_callable
    return self.python_callable(*self.op_args, **self.op_kwargs)
           ^^^^^^^^^^^^^^^^^^^^^^^^^^^^^^^^^^^^^^^^^^^^^^^^^^^^^
  File "/opt/airflow/dags/ml_pipeline_dag.py", line 25, in task_preprocess
    ti.xcom_push(key='y_train',  value=y_train)
  File "/home/airflow/.local/lib/python3.12/site-packages/airflow/utils/session.py", line 79, in wrapper
    return func(*args, session=session, **kwargs)
           ^^^^^^^^^^^^^^^^^^^^^^^^^^^^^^^^^^^^^^
  File "/home/airflow/.local/lib/python3.12/site-packages/airflow/models/taskinstance.py", line 3197, in xcom_push
    XCom.set(
  File "/home/airflow/.local/lib/python3.12/site-packages/airflow/utils/session.py", line 76, in wrapper
    return func(*args, **kwargs)
           ^^^^^^^^^^^^^^^^^^^^^
  File "/home/airflow/.local/lib/python3.12/site-packages/airflow/models/xcom.py", line 246, in set
    value = cls.serialize_value(
            ^^^^^^^^^^^^^^^^^^^^
  File "/home/airflow/.local/lib/python3.12/site-packages/airflow/models/xcom.py", line 673, in serialize_value
    return json.dumps(value, cls=XComEncoder).encode("UTF-8")
           ^^^^^^^^^^^^^^^^^^^^^^^^^^^^^^^^^^
  File "/usr/local/lib/python3.12/json/__init__.py", line 238, in dumps
    **kw).encode(obj)
          ^^^^^^^^^^^
  File "/home/airflow/.local/lib/python3.12/site-packages/airflow/utils/json.py", line 104, in encode
    return super().encode(o)
           ^^^^^^^^^^^^^^^^^
  File "/usr/local/lib/python3.12/json/encoder.py", line 200, in encode
    chunks = self.iterencode(o, _one_shot=True)
             ^^^^^^^^^^^^^^^^^^^^^^^^^^^^^^^^^^
  File "/usr/local/lib/python3.12/json/encoder.py", line 258, in iterencode
    return _iterencode(o, 0)
           ^^^^^^^^^^^^^^^^^
  File "/home/airflow/.local/lib/python3.12/site-packages/airflow/utils/json.py", line 93, in default
    return super().default(o)
           ^^^^^^^^^^^^^^^^^^
  File "/usr/local/lib/python3.12/json/encoder.py", line 180, in default
    raise TypeError(f'Object of type {o.__class__.__name__} '
TypeError: Object of type Series is not JSON serializable
[2025-07-29T01:44:20.501+0000] {taskinstance.py:1206} INFO - Marking task as FAILED. dag_id=hw2_ml_pipeline, task_id=preprocess, run_id=manual__2025-07-29T01:44:18.609983+00:00, execution_date=20250729T014418, start_date=20250729T014420, end_date=20250729T014420
[2025-07-29T01:44:20.507+0000] {standard_task_runner.py:110} ERROR - Failed to execute job 6 for task preprocess (Object of type Series is not JSON serializable; 261)
[2025-07-29T01:44:20.546+0000] {local_task_job_runner.py:243} INFO - Task exited with return code 1
[2025-07-29T01:44:20.571+0000] {taskinstance.py:3503} INFO - 0 downstream tasks scheduled from follow-on schedule check
[2025-07-29T01:44:20.575+0000] {local_task_job_runner.py:222} INFO - ::endgroup::
